<?xml version="1.0" encoding="UTF-8"?>
<testsuite name="com.aor.tetris.states.GameStateTest" tests="1" skipped="0" failures="0" errors="0" timestamp="2022-11-25T16:38:39" hostname="MacBook-Pro-de-Nuno-4.local" time="0.025">
  <properties/>
  <testcase name="GameStateTest()" classname="com.aor.tetris.states.GameStateTest" time="0.025"/>
  <system-out><![CDATA[]]></system-out>
  <system-err><![CDATA[]]></system-err>
</testsuite>
