<?xml version="1.0" encoding="UTF-8"?>
<testsuite name="tetris_game.viewer.EndGameViewerTest" tests="2" skipped="0" failures="0" errors="0" timestamp="2022-12-10T17:50:04" hostname="Air-de-David.home" time="0.039">
  <properties/>
  <testcase name="drawTest()" classname="tetris_game.viewer.EndGameViewerTest" time="0.022"/>
  <testcase name="drawElementsTest()" classname="tetris_game.viewer.EndGameViewerTest" time="0.016"/>
  <system-out><![CDATA[]]></system-out>
  <system-err><![CDATA[]]></system-err>
</testsuite>
