<?xml version="1.0" encoding="UTF-8"?>
<testsuite name="com.aor.tetris.model.TutorialTest" tests="1" skipped="0" failures="0" errors="0" timestamp="2022-11-19T14:49:55" hostname="LAPTOP-E57OMIBJ" time="0.022">
  <properties/>
  <testcase name="getEntryNameTest()" classname="com.aor.tetris.model.TutorialTest" time="0.022"/>
  <system-out><![CDATA[]]></system-out>
  <system-err><![CDATA[]]></system-err>
</testsuite>
