<?xml version="1.0" encoding="UTF-8"?>
<testsuite name="com.aor.tetris.controller.model.MenuTest" tests="8" skipped="0" failures="0" errors="0" timestamp="2022-11-25T18:01:33" hostname="LAPTOP-E57OMIBJ" time="0.048">
  <properties/>
  <testcase name="PreviousEntryTest()" classname="com.aor.tetris.controller.model.MenuTest" time="0.002"/>
  <testcase name="NextEntryTest()" classname="com.aor.tetris.controller.model.MenuTest" time="0.004"/>
  <testcase name="getCurentEntry()" classname="com.aor.tetris.controller.model.MenuTest" time="0.005"/>
  <testcase name="isSelectedStartTest()" classname="com.aor.tetris.controller.model.MenuTest" time="0.002"/>
  <testcase name="isSelectedExitTest()" classname="com.aor.tetris.controller.model.MenuTest" time="0.006"/>
  <testcase name="isSelectedTutorialTest()" classname="com.aor.tetris.controller.model.MenuTest" time="0.004"/>
  <testcase name="getNumberEntriesTest()" classname="com.aor.tetris.controller.model.MenuTest" time="0.003"/>
  <testcase name="isSelectedTest()" classname="com.aor.tetris.controller.model.MenuTest" time="0.003"/>
  <system-out><![CDATA[]]></system-out>
  <system-err><![CDATA[]]></system-err>
</testsuite>
