<?xml version="1.0" encoding="UTF-8"?>
<testsuite name="tetris_game.model.forms.OTest" tests="4" skipped="0" failures="0" errors="0" timestamp="2022-12-20T14:43:17" hostname="Air-de-David.home" time="0.012">
  <properties/>
  <testcase name="OUpTest()" classname="tetris_game.model.forms.OTest" time="0.0"/>
  <testcase name="ODownTest()" classname="tetris_game.model.forms.OTest" time="0.002"/>
  <testcase name="OLeftTest()" classname="tetris_game.model.forms.OTest" time="0.002"/>
  <testcase name="ORightTest()" classname="tetris_game.model.forms.OTest" time="0.006"/>
  <system-out><![CDATA[]]></system-out>
  <system-err><![CDATA[]]></system-err>
</testsuite>
