<?xml version="1.0" encoding="UTF-8"?>
<testsuite name="com.aor.tetris.viewer.GameViewerTest" tests="1" skipped="0" failures="0" errors="0" timestamp="2022-11-25T18:01:37" hostname="LAPTOP-E57OMIBJ" time="0.003">
  <properties/>
  <testcase name="GameViewerTest()" classname="com.aor.tetris.viewer.GameViewerTest" time="0.003"/>
  <system-out><![CDATA[]]></system-out>
  <system-err><![CDATA[]]></system-err>
</testsuite>
