<?xml version="1.0" encoding="UTF-8"?>
<testsuite name="tetris_game.model.PositionTest" tests="2" skipped="0" failures="0" errors="0" timestamp="2022-12-10T17:50:04" hostname="Air-de-David.home" time="0.01">
  <properties/>
  <testcase name="getX()" classname="tetris_game.model.PositionTest" time="0.002"/>
  <testcase name="getY()" classname="tetris_game.model.PositionTest" time="0.007"/>
  <system-out><![CDATA[]]></system-out>
  <system-err><![CDATA[]]></system-err>
</testsuite>
