<?xml version="1.0" encoding="UTF-8"?>
<testsuite name="com.aor.tetris.viewer.EndGameViewerTest" tests="2" skipped="0" failures="0" errors="0" timestamp="2022-11-24T15:31:14" hostname="MBP-de-Nuno-4.lan" time="0.056">
  <properties/>
  <testcase name="drawTest()" classname="com.aor.tetris.viewer.EndGameViewerTest" time="0.044"/>
  <testcase name="drawElementsTest()" classname="com.aor.tetris.viewer.EndGameViewerTest" time="0.011"/>
  <system-out><![CDATA[]]></system-out>
  <system-err><![CDATA[]]></system-err>
</testsuite>
