<?xml version="1.0" encoding="UTF-8"?>
<testsuite name="com.aor.tetris.states.TutorialStateTest" tests="1" skipped="0" failures="0" errors="0" timestamp="2022-11-24T15:31:13" hostname="MBP-de-Nuno-4.lan" time="0.002">
  <properties/>
  <testcase name="MenuStateTest()" classname="com.aor.tetris.states.TutorialStateTest" time="0.002"/>
  <system-out><![CDATA[]]></system-out>
  <system-err><![CDATA[]]></system-err>
</testsuite>
