<?xml version="1.0" encoding="UTF-8"?>
<testsuite name="com.aor.tetris.model.PositionTest" tests="2" skipped="0" failures="0" errors="0" timestamp="2022-11-24T15:03:27" hostname="MBP-de-Nuno-4.lan" time="0.001">
  <properties/>
  <testcase name="getX()" classname="com.aor.tetris.model.PositionTest" time="0.0"/>
  <testcase name="getY()" classname="com.aor.tetris.model.PositionTest" time="0.001"/>
  <system-out><![CDATA[]]></system-out>
  <system-err><![CDATA[]]></system-err>
</testsuite>
