<?xml version="1.0" encoding="UTF-8"?>
<testsuite name="tetris_game.states.TutorialTest" tests="1" skipped="0" failures="0" errors="0" timestamp="2022-12-11T22:19:46" hostname="Air-de-David.home" time="0.01">
  <properties/>
  <testcase name="TutorialStateTest()" classname="tetris_game.states.TutorialTest" time="0.01"/>
  <system-out><![CDATA[]]></system-out>
  <system-err><![CDATA[]]></system-err>
</testsuite>
