<?xml version="1.0" encoding="UTF-8"?>
<testsuite name="com.aor.tetris.model.MenuTest" tests="8" skipped="0" failures="0" errors="0" timestamp="2022-11-19T14:32:03" hostname="LAPTOP-E57OMIBJ" time="0.087">
  <properties/>
  <testcase name="PreviousEntryTest()" classname="com.aor.tetris.model.MenuTest" time="0.062"/>
  <testcase name="NextEntryTest()" classname="com.aor.tetris.model.MenuTest" time="0.002"/>
  <testcase name="getCurentEntry()" classname="com.aor.tetris.model.MenuTest" time="0.003"/>
  <testcase name="isSelectedStartTest()" classname="com.aor.tetris.model.MenuTest" time="0.002"/>
  <testcase name="isSelectedExitTest()" classname="com.aor.tetris.model.MenuTest" time="0.003"/>
  <testcase name="isSelectedTutorialTest()" classname="com.aor.tetris.model.MenuTest" time="0.002"/>
  <testcase name="getNumberEntriesTest()" classname="com.aor.tetris.model.MenuTest" time="0.002"/>
  <testcase name="isSelectedTest()" classname="com.aor.tetris.model.MenuTest" time="0.001"/>
  <system-out><![CDATA[]]></system-out>
  <system-err><![CDATA[]]></system-err>
</testsuite>
