<?xml version="1.0" encoding="UTF-8"?>
<testsuite name="tetris_game.model.TutorialTest" tests="1" skipped="0" failures="0" errors="0" timestamp="2022-12-10T18:21:41" hostname="Air-de-David.home" time="0.004">
  <properties/>
  <testcase name="getEntryNameTest()" classname="tetris_game.model.TutorialTest" time="0.004"/>
  <system-out><![CDATA[]]></system-out>
  <system-err><![CDATA[]]></system-err>
</testsuite>
