<?xml version="1.0" encoding="UTF-8"?>
<testsuite name="tetris_game.viewer.TutorialViewerTest" tests="1" skipped="0" failures="0" errors="0" timestamp="2022-12-12T10:13:20" hostname="MacBook-Air-de-David.local" time="0.004">
  <properties/>
  <testcase name="refreshAndClearTest()" classname="tetris_game.viewer.TutorialViewerTest" time="0.004"/>
  <system-out><![CDATA[]]></system-out>
  <system-err><![CDATA[]]></system-err>
</testsuite>
