<?xml version="1.0" encoding="UTF-8"?>
<testsuite name="tetris_game.Controller.ScreenControllerTest" tests="7" skipped="0" failures="0" errors="0" timestamp="2022-12-12T17:37:07" hostname="Air-de-David.home" time="2.576">
  <properties/>
  <testcase name="moveFormsDownAuto()" classname="tetris_game.Controller.ScreenControllerTest" time="2.445"/>
  <testcase name="moveFormsRight()" classname="tetris_game.Controller.ScreenControllerTest" time="0.014"/>
  <testcase name="fullLines()" classname="tetris_game.Controller.ScreenControllerTest" time="0.052"/>
  <testcase name="rotateFormsLeft()" classname="tetris_game.Controller.ScreenControllerTest" time="0.009"/>
  <testcase name="moveFormsLeft()" classname="tetris_game.Controller.ScreenControllerTest" time="0.001"/>
  <testcase name="fallWithTime()" classname="tetris_game.Controller.ScreenControllerTest" time="0.033"/>
  <testcase name="rotateFormsRight()" classname="tetris_game.Controller.ScreenControllerTest" time="0.003"/>
  <system-out><![CDATA[com.sun.media.sound.DirectAudioDevice$DirectClip@561868a0
]]></system-out>
  <system-err><![CDATA[Warning: the fonts "Times" and "Times" are not available for the Java logical font "Serif", which may have unexpected appearance or behavior. Re-enable the "Times" font to remove this warning.
Warning: the fonts "Times" and "Times" are not available for the Java logical font "Serif", which may have unexpected appearance or behavior. Re-enable the "Times" font to remove this warning.
]]></system-err>
</testsuite>
