<?xml version="1.0" encoding="UTF-8"?>
<testsuite name="com.aor.tetris.controller.model.FormsTest" tests="2" skipped="0" failures="0" errors="0" timestamp="2022-11-25T18:01:33" hostname="LAPTOP-E57OMIBJ" time="0.012">
  <properties/>
  <testcase name="FormsTest()" classname="com.aor.tetris.controller.model.FormsTest" time="0.004"/>
  <testcase name="getsTest()" classname="com.aor.tetris.controller.model.FormsTest" time="0.006"/>
  <system-out><![CDATA[]]></system-out>
  <system-err><![CDATA[]]></system-err>
</testsuite>
