<?xml version="1.0" encoding="UTF-8"?>
<testsuite name="tetris_game.model.BlockHeroTest" tests="2" skipped="0" failures="0" errors="0" timestamp="2022-12-11T11:16:23" hostname="Air-de-David.home" time="0.018">
  <properties/>
  <testcase name="BlockHeroTest()" classname="tetris_game.model.BlockHeroTest" time="0.017"/>
  <testcase name="getHeroColorTest()" classname="tetris_game.model.BlockHeroTest" time="0.001"/>
  <system-out><![CDATA[]]></system-out>
  <system-err><![CDATA[]]></system-err>
</testsuite>
