<?xml version="1.0" encoding="UTF-8"?>
<testsuite name="tetris_game.states.GameTest" tests="1" skipped="0" failures="0" errors="0" timestamp="2022-12-12T16:40:56" hostname="Air-de-David.home" time="0.367">
  <properties/>
  <testcase name="menuToGameToMenu()" classname="tetris_game.states.GameTest" time="0.367"/>
  <system-out><![CDATA[com.sun.media.sound.DirectAudioDevice$DirectClip@71529963
]]></system-out>
  <system-err><![CDATA[]]></system-err>
</testsuite>
