<?xml version="1.0" encoding="UTF-8"?>
<testsuite name="tetris_game.GameTest" tests="1" skipped="0" failures="0" errors="0" timestamp="2022-12-10T17:50:04" hostname="Air-de-David.home" time="0.119">
  <properties/>
  <testcase name="GetInstanceTest()" classname="tetris_game.GameTest" time="0.119"/>
  <system-out><![CDATA[]]></system-out>
  <system-err><![CDATA[]]></system-err>
</testsuite>
