<?xml version="1.0" encoding="UTF-8"?>
<testsuite name="tetris_game.viewer.menu.AboutViewerTest" tests="1" skipped="0" failures="0" errors="0" timestamp="2022-12-20T14:56:49" hostname="Air-de-David.home" time="0.006">
  <properties/>
  <testcase name="refreshAndClearTest()" classname="tetris_game.viewer.menu.AboutViewerTest" time="0.006"/>
  <system-out><![CDATA[]]></system-out>
  <system-err><![CDATA[]]></system-err>
</testsuite>
