<?xml version="1.0" encoding="UTF-8"?>
<testsuite name="tetris_game.model.EndGameTest" tests="1" skipped="0" failures="0" errors="0" timestamp="2022-12-12T10:13:17" hostname="MacBook-Air-de-David.local" time="0.012">
  <properties/>
  <testcase name="EndGameTest()" classname="tetris_game.model.EndGameTest" time="0.012"/>
  <system-out><![CDATA[]]></system-out>
  <system-err><![CDATA[]]></system-err>
</testsuite>
