<?xml version="1.0" encoding="UTF-8"?>
<testsuite name="tetris_game.model.STest" tests="4" skipped="0" failures="0" errors="0" timestamp="2022-12-12T10:13:17" hostname="MacBook-Air-de-David.local" time="0.007">
  <properties/>
  <testcase name="SUpTest()" classname="tetris_game.model.STest" time="0.004"/>
  <testcase name="SRightTest()" classname="tetris_game.model.STest" time="0.0"/>
  <testcase name="SDownTest()" classname="tetris_game.model.STest" time="0.001"/>
  <testcase name="SLeftTest()" classname="tetris_game.model.STest" time="0.0"/>
  <system-out><![CDATA[]]></system-out>
  <system-err><![CDATA[]]></system-err>
</testsuite>
