<?xml version="1.0" encoding="UTF-8"?>
<testsuite name="tetris_game.model.FormsTest" tests="4" skipped="0" failures="0" errors="0" timestamp="2022-12-12T16:40:54" hostname="Air-de-David.home" time="0.005">
  <properties/>
  <testcase name="GetCentralPositionTest()" classname="tetris_game.model.FormsTest" time="0.001"/>
  <testcase name="FormsTest()" classname="tetris_game.model.FormsTest" time="0.0"/>
  <testcase name="getsTest()" classname="tetris_game.model.FormsTest" time="0.001"/>
  <testcase name="GetColorTest()" classname="tetris_game.model.FormsTest" time="0.001"/>
  <system-out><![CDATA[]]></system-out>
  <system-err><![CDATA[]]></system-err>
</testsuite>
