<?xml version="1.0" encoding="UTF-8"?>
<testsuite name="com.aor.tetris.states.EndGameStateTest" tests="1" skipped="0" failures="0" errors="0" timestamp="2022-11-25T16:43:13" hostname="MacBook-Pro-de-Nuno-4.local" time="0.009">
  <properties/>
  <testcase name="EndGameStateTest()" classname="com.aor.tetris.states.EndGameStateTest" time="0.009"/>
  <system-out><![CDATA[]]></system-out>
  <system-err><![CDATA[]]></system-err>
</testsuite>
