<?xml version="1.0" encoding="UTF-8"?>
<testsuite name="tetris_game.viewer.endGame.EndGameViewerTest" tests="2" skipped="0" failures="0" errors="0" timestamp="2022-12-19T14:55:54" hostname="Air-de-David.home" time="0.016">
  <properties/>
  <testcase name="drawTest()" classname="tetris_game.viewer.endGame.EndGameViewerTest" time="0.011"/>
  <testcase name="drawElementsTest()" classname="tetris_game.viewer.endGame.EndGameViewerTest" time="0.004"/>
  <system-out><![CDATA[]]></system-out>
  <system-err><![CDATA[]]></system-err>
</testsuite>
