<?xml version="1.0" encoding="UTF-8"?>
<testsuite name="tetris_game.viewer.AboutViewerTest" tests="1" skipped="0" failures="0" errors="0" timestamp="2022-12-12T17:37:10" hostname="Air-de-David.home" time="0.988">
  <properties/>
  <testcase name="refreshAndClearTest()" classname="tetris_game.viewer.AboutViewerTest" time="0.988"/>
  <system-out><![CDATA[]]></system-out>
  <system-err><![CDATA[]]></system-err>
</testsuite>
