<?xml version="1.0" encoding="UTF-8"?>
<testsuite name="tetris_game.model.forms.TTest" tests="4" skipped="0" failures="0" errors="0" timestamp="2022-12-12T18:29:50" hostname="MBP-de-Nuno-4.lan" time="0.005">
  <properties/>
  <testcase name="TUpTest()" classname="tetris_game.model.forms.TTest" time="0.001"/>
  <testcase name="TDownTest()" classname="tetris_game.model.forms.TTest" time="0.001"/>
  <testcase name="TLeftTest()" classname="tetris_game.model.forms.TTest" time="0.001"/>
  <testcase name="TRightTest()" classname="tetris_game.model.forms.TTest" time="0.0"/>
  <system-out><![CDATA[]]></system-out>
  <system-err><![CDATA[]]></system-err>
</testsuite>
