<?xml version="1.0" encoding="UTF-8"?>
<testsuite name="com.aor.tetris.model.BlockHeroTest" tests="2" skipped="0" failures="0" errors="0" timestamp="2022-11-24T15:31:13" hostname="MBP-de-Nuno-4.lan" time="0.003">
  <properties/>
  <testcase name="BlockHeroTest()" classname="com.aor.tetris.model.BlockHeroTest" time="0.001"/>
  <testcase name="getHeroColorTest()" classname="com.aor.tetris.model.BlockHeroTest" time="0.002"/>
  <system-out><![CDATA[]]></system-out>
  <system-err><![CDATA[]]></system-err>
</testsuite>
