<?xml version="1.0" encoding="UTF-8"?>
<testsuite name="tetris_game.model.forms.ZTest" tests="4" skipped="0" failures="0" errors="0" timestamp="2022-12-20T15:25:23" hostname="Air-de-David.home" time="0.005">
  <properties/>
  <testcase name="ZLeftTest()" classname="tetris_game.model.forms.ZTest" time="0.002"/>
  <testcase name="ZRightTest()" classname="tetris_game.model.forms.ZTest" time="0.0"/>
  <testcase name="ZUpTest()" classname="tetris_game.model.forms.ZTest" time="0.0"/>
  <testcase name="ZDownTest()" classname="tetris_game.model.forms.ZTest" time="0.0"/>
  <system-out><![CDATA[]]></system-out>
  <system-err><![CDATA[]]></system-err>
</testsuite>
