<?xml version="1.0" encoding="UTF-8"?>
<testsuite name="com.aor.tetris.states.GameStateTest" tests="1" skipped="0" failures="0" errors="0" timestamp="2022-11-25T18:01:33" hostname="LAPTOP-E57OMIBJ" time="0.057">
  <properties/>
  <testcase name="GameStateTest()" classname="com.aor.tetris.states.GameStateTest" time="0.057"/>
  <system-out><![CDATA[]]></system-out>
  <system-err><![CDATA[]]></system-err>
</testsuite>
