<?xml version="1.0" encoding="UTF-8"?>
<testsuite name="tetris_game.states.menu.TutorialTest" tests="1" skipped="0" failures="0" errors="0" timestamp="2022-12-17T22:38:14" hostname="Air-de-David.home" time="0.002">
  <properties/>
  <testcase name="TutorialStateTest()" classname="tetris_game.states.menu.TutorialTest" time="0.002"/>
  <system-out><![CDATA[]]></system-out>
  <system-err><![CDATA[]]></system-err>
</testsuite>
