<?xml version="1.0" encoding="UTF-8"?>
<testsuite name="com.aor.tetris.viewer.MenuViewerTest" tests="1" skipped="0" failures="0" errors="0" timestamp="2022-11-25T14:20:54" hostname="MacBook-Pro-de-Nuno-4.local" time="0.003">
  <properties/>
  <testcase name="refreshAndClearTest()" classname="com.aor.tetris.viewer.MenuViewerTest" time="0.003"/>
  <system-out><![CDATA[]]></system-out>
  <system-err><![CDATA[]]></system-err>
</testsuite>
