<?xml version="1.0" encoding="UTF-8"?>
<testsuite name="tetris_game.viewer.EndGameViewerTest" tests="2" skipped="0" failures="0" errors="0" timestamp="2022-12-20T14:43:18" hostname="Air-de-David.home" time="0.027">
  <properties/>
  <testcase name="drawTest()" classname="tetris_game.viewer.EndGameViewerTest" time="0.007"/>
  <testcase name="drawElementsTest()" classname="tetris_game.viewer.EndGameViewerTest" time="0.019"/>
  <system-out><![CDATA[]]></system-out>
  <system-err><![CDATA[]]></system-err>
</testsuite>
