<?xml version="1.0" encoding="UTF-8"?>
<testsuite name="tetris_game.model.FormsTest" tests="2" skipped="0" failures="0" errors="0" timestamp="2022-12-12T10:13:17" hostname="MacBook-Air-de-David.local" time="0.002">
  <properties/>
  <testcase name="FormsTest()" classname="tetris_game.model.FormsTest" time="0.001"/>
  <testcase name="getsTest()" classname="tetris_game.model.FormsTest" time="0.001"/>
  <system-out><![CDATA[]]></system-out>
  <system-err><![CDATA[]]></system-err>
</testsuite>
