<?xml version="1.0" encoding="UTF-8"?>
<testsuite name="tetris_game.states.GameStateTest" tests="1" skipped="0" failures="0" errors="0" timestamp="2022-12-10T17:50:04" hostname="Air-de-David.home" time="0.002">
  <properties/>
  <testcase name="GameStateTest()" classname="tetris_game.states.GameStateTest" time="0.002"/>
  <system-out><![CDATA[]]></system-out>
  <system-err><![CDATA[]]></system-err>
</testsuite>
