<?xml version="1.0" encoding="UTF-8"?>
<testsuite name="com.aor.tetris.GameTest" tests="1" skipped="0" failures="0" errors="0" timestamp="2022-11-25T18:01:31" hostname="LAPTOP-E57OMIBJ" time="1.924">
  <properties/>
  <testcase name="GetInstanceTest()" classname="com.aor.tetris.GameTest" time="1.924"/>
  <system-out><![CDATA[]]></system-out>
  <system-err><![CDATA[]]></system-err>
</testsuite>
