<?xml version="1.0" encoding="UTF-8"?>
<testsuite name="tetris_game.model.ArenaTest" tests="1" skipped="0" failures="0" errors="0" timestamp="2022-12-12T16:51:24" hostname="Air-de-David.home" time="0.097">
  <properties/>
  <testcase name="BlockcanOccupy()" classname="tetris_game.model.ArenaTest" time="0.097"/>
  <system-out><![CDATA[]]></system-out>
  <system-err><![CDATA[]]></system-err>
</testsuite>
