<?xml version="1.0" encoding="UTF-8"?>
<testsuite name="tetris_game.model.forms.ITest" tests="4" skipped="0" failures="0" errors="0" timestamp="2022-12-17T22:38:13" hostname="Air-de-David.home" time="0.007">
  <properties/>
  <testcase name="IDownTest()" classname="tetris_game.model.forms.ITest" time="0.001"/>
  <testcase name="IUpTest()" classname="tetris_game.model.forms.ITest" time="0.002"/>
  <testcase name="ILeftTest()" classname="tetris_game.model.forms.ITest" time="0.001"/>
  <testcase name="IRightTest()" classname="tetris_game.model.forms.ITest" time="0.002"/>
  <system-out><![CDATA[]]></system-out>
  <system-err><![CDATA[]]></system-err>
</testsuite>
