<?xml version="1.0" encoding="UTF-8"?>
<testsuite name="tetris_game.model.forms.ZTest" tests="4" skipped="0" failures="0" errors="0" timestamp="2022-12-21T12:19:27" hostname="Air-de-David.home" time="0.019">
  <properties/>
  <testcase name="ZLeftTest()" classname="tetris_game.model.forms.ZTest" time="0.004"/>
  <testcase name="ZRightTest()" classname="tetris_game.model.forms.ZTest" time="0.002"/>
  <testcase name="ZUpTest()" classname="tetris_game.model.forms.ZTest" time="0.001"/>
  <testcase name="ZDownTest()" classname="tetris_game.model.forms.ZTest" time="0.0"/>
  <system-out><![CDATA[]]></system-out>
  <system-err><![CDATA[]]></system-err>
</testsuite>
