<?xml version="1.0" encoding="UTF-8"?>
<testsuite name="com.aor.tetris.model.BlockHeroTest" tests="1" skipped="0" failures="0" errors="0" timestamp="2022-11-24T14:13:05" hostname="LAPTOP-E57OMIBJ" time="0.027">
  <properties/>
  <testcase name="getHeroColorTest()" classname="com.aor.tetris.model.BlockHeroTest" time="0.027"/>
  <system-out><![CDATA[]]></system-out>
  <system-err><![CDATA[]]></system-err>
</testsuite>
