<?xml version="1.0" encoding="UTF-8"?>
<testsuite name="tetris_game.viewer.MenuViewerTest" tests="1" skipped="0" failures="0" errors="0" timestamp="2022-12-12T17:37:11" hostname="Air-de-David.home" time="0.002">
  <properties/>
  <testcase name="refreshAndClearTest()" classname="tetris_game.viewer.MenuViewerTest" time="0.002"/>
  <system-out><![CDATA[]]></system-out>
  <system-err><![CDATA[]]></system-err>
</testsuite>
