<?xml version="1.0" encoding="UTF-8"?>
<testsuite name="tetris_game.model.FormsTest" tests="2" skipped="0" failures="0" errors="0" timestamp="2022-12-11T10:35:41" hostname="Air-de-David.home" time="0.003">
  <properties/>
  <testcase name="FormsTest()" classname="tetris_game.model.FormsTest" time="0.002"/>
  <testcase name="getsTest()" classname="tetris_game.model.FormsTest" time="0.001"/>
  <system-out><![CDATA[]]></system-out>
  <system-err><![CDATA[]]></system-err>
</testsuite>
