<?xml version="1.0" encoding="UTF-8"?>
<testsuite name="tetris_game.states.AboutTest" tests="1" skipped="0" failures="0" errors="0" timestamp="2022-12-12T10:13:17" hostname="MacBook-Air-de-David.local" time="1.558">
  <properties/>
  <testcase name="AboutStateTest()" classname="tetris_game.states.AboutTest" time="1.558"/>
  <system-out><![CDATA[]]></system-out>
  <system-err><![CDATA[Warning: the fonts "Times" and "Times" are not available for the Java logical font "Serif", which may have unexpected appearance or behavior. Re-enable the "Times" font to remove this warning.
Warning: the fonts "Times" and "Times" are not available for the Java logical font "Serif", which may have unexpected appearance or behavior. Re-enable the "Times" font to remove this warning.
]]></system-err>
</testsuite>
