<?xml version="1.0" encoding="UTF-8"?>
<testsuite name="tetris_game.model.forms.STest" tests="4" skipped="0" failures="0" errors="0" timestamp="2022-12-12T18:29:50" hostname="MBP-de-Nuno-4.lan" time="0.006">
  <properties/>
  <testcase name="SUpTest()" classname="tetris_game.model.forms.STest" time="0.002"/>
  <testcase name="SRightTest()" classname="tetris_game.model.forms.STest" time="0.001"/>
  <testcase name="SDownTest()" classname="tetris_game.model.forms.STest" time="0.001"/>
  <testcase name="SLeftTest()" classname="tetris_game.model.forms.STest" time="0.0"/>
  <system-out><![CDATA[]]></system-out>
  <system-err><![CDATA[]]></system-err>
</testsuite>
