<?xml version="1.0" encoding="UTF-8"?>
<testsuite name="tetris_game.model.hero.BlockHeroTest" tests="2" skipped="0" failures="0" errors="0" timestamp="2022-12-12T18:29:51" hostname="MBP-de-Nuno-4.lan" time="0.002">
  <properties/>
  <testcase name="BlockHeroTest()" classname="tetris_game.model.hero.BlockHeroTest" time="0.001"/>
  <testcase name="getHeroColorTest()" classname="tetris_game.model.hero.BlockHeroTest" time="0.001"/>
  <system-out><![CDATA[]]></system-out>
  <system-err><![CDATA[]]></system-err>
</testsuite>
