<?xml version="1.0" encoding="UTF-8"?>
<testsuite name="tetris_game.viewer.game.GameViewerTest" tests="3" skipped="0" failures="0" errors="0" timestamp="2022-12-17T22:38:14" hostname="Air-de-David.home" time="0.062">
  <properties/>
  <testcase name="drawElements()" classname="tetris_game.viewer.game.GameViewerTest" time="0.043"/>
  <testcase name="drawTetrimino()" classname="tetris_game.viewer.game.GameViewerTest" time="0.009"/>
  <testcase name="refreshAndClear()" classname="tetris_game.viewer.game.GameViewerTest" time="0.009"/>
  <system-out><![CDATA[]]></system-out>
  <system-err><![CDATA[]]></system-err>
</testsuite>
