<?xml version="1.0" encoding="UTF-8"?>
<testsuite name="com.aor.tetris.controller.model.FormsTest" tests="2" skipped="0" failures="0" errors="0" timestamp="2022-11-25T20:02:46" hostname="MBP-de-Nuno-4.Home" time="0.002">
  <properties/>
  <testcase name="FormsTest()" classname="com.aor.tetris.controller.model.FormsTest" time="0.001"/>
  <testcase name="getsTest()" classname="com.aor.tetris.controller.model.FormsTest" time="0.0"/>
  <system-out><![CDATA[]]></system-out>
  <system-err><![CDATA[]]></system-err>
</testsuite>
