<?xml version="1.0" encoding="UTF-8"?>
<testsuite name="tetris_game.viewer.EndGameViewerTest" tests="2" skipped="0" failures="0" errors="0" timestamp="2022-12-12T10:13:20" hostname="MacBook-Air-de-David.local" time="0.024">
  <properties/>
  <testcase name="drawTest()" classname="tetris_game.viewer.EndGameViewerTest" time="0.008"/>
  <testcase name="drawElementsTest()" classname="tetris_game.viewer.EndGameViewerTest" time="0.016"/>
  <system-out><![CDATA[]]></system-out>
  <system-err><![CDATA[]]></system-err>
</testsuite>
