<?xml version="1.0" encoding="UTF-8"?>
<testsuite name="com.aor.tetris.viewer.GameViewerTest" tests="1" skipped="0" failures="0" errors="0" timestamp="2022-11-24T15:31:14" hostname="MBP-de-Nuno-4.lan" time="0.001">
  <properties/>
  <testcase name="GameViewerTest()" classname="com.aor.tetris.viewer.GameViewerTest" time="0.001"/>
  <system-out><![CDATA[]]></system-out>
  <system-err><![CDATA[]]></system-err>
</testsuite>
