<?xml version="1.0" encoding="UTF-8"?>
<testsuite name="tetris_game.model.StatsTest" tests="7" skipped="0" failures="0" errors="0" timestamp="2022-12-11T11:16:23" hostname="Air-de-David.home" time="1.942">
  <properties/>
  <testcase name="actionUp()" classname="tetris_game.model.StatsTest" time="1.851"/>
  <testcase name="menuToTutorialToMenu()" classname="tetris_game.model.StatsTest" time="0.003"/>
  <testcase name="endGameToMenu()" classname="tetris_game.model.StatsTest" time="0.001"/>
  <testcase name="menuToGameToMenu()" classname="tetris_game.model.StatsTest" time="0.033"/>
  <testcase name="actionSelect()" classname="tetris_game.model.StatsTest" time="0.023"/>
  <testcase name="actionDown()" classname="tetris_game.model.StatsTest" time="0.008"/>
  <testcase name="actionQuit()" classname="tetris_game.model.StatsTest" time="0.004"/>
  <system-out><![CDATA[com.sun.media.sound.DirectAudioDevice$DirectClip@e57b96d
]]></system-out>
  <system-err><![CDATA[]]></system-err>
</testsuite>
