<?xml version="1.0" encoding="UTF-8"?>
<testsuite name="com.aor.tetris.states.TutorialStateTest" tests="1" skipped="0" failures="0" errors="0" timestamp="2022-11-25T18:01:33" hostname="LAPTOP-E57OMIBJ" time="0.011">
  <properties/>
  <testcase name="MenuStateTest()" classname="com.aor.tetris.states.TutorialStateTest" time="0.011"/>
  <system-out><![CDATA[]]></system-out>
  <system-err><![CDATA[]]></system-err>
</testsuite>
