<?xml version="1.0" encoding="UTF-8"?>
<testsuite name="com.aor.tetris.controller.model.PositionTest" tests="2" skipped="0" failures="0" errors="0" timestamp="2022-11-25T18:01:33" hostname="LAPTOP-E57OMIBJ" time="0.007">
  <properties/>
  <testcase name="getX()" classname="com.aor.tetris.controller.model.PositionTest" time="0.003"/>
  <testcase name="getY()" classname="com.aor.tetris.controller.model.PositionTest" time="0.002"/>
  <system-out><![CDATA[]]></system-out>
  <system-err><![CDATA[]]></system-err>
</testsuite>
