<?xml version="1.0" encoding="UTF-8"?>
<testsuite name="com.aor.tetris.model.FormsTest" tests="2" skipped="0" failures="0" errors="0" timestamp="2022-11-25T14:45:08" hostname="MacBook-Pro-de-Nuno-4.local" time="0.028">
  <properties/>
  <testcase name="FormsTest()" classname="com.aor.tetris.model.FormsTest" time="0.027"/>
  <testcase name="getsTest()" classname="com.aor.tetris.model.FormsTest" time="0.001"/>
  <system-out><![CDATA[]]></system-out>
  <system-err><![CDATA[]]></system-err>
</testsuite>
