<?xml version="1.0" encoding="UTF-8"?>
<testsuite name="tetris_game.model.OTest" tests="4" skipped="0" failures="0" errors="0" timestamp="2022-12-12T10:13:17" hostname="MacBook-Air-de-David.local" time="0.011">
  <properties/>
  <testcase name="OUpTest()" classname="tetris_game.model.OTest" time="0.008"/>
  <testcase name="ODownTest()" classname="tetris_game.model.OTest" time="0.0"/>
  <testcase name="OLeftTest()" classname="tetris_game.model.OTest" time="0.002"/>
  <testcase name="ORightTest()" classname="tetris_game.model.OTest" time="0.0"/>
  <system-out><![CDATA[]]></system-out>
  <system-err><![CDATA[]]></system-err>
</testsuite>
