<?xml version="1.0" encoding="UTF-8"?>
<testsuite name="tetris_game.model.hero.PositionTest" tests="2" skipped="0" failures="0" errors="0" timestamp="2022-12-12T10:13:17" hostname="MacBook-Air-de-David.local" time="0.001">
  <properties/>
  <testcase name="getX()" classname="tetris_game.model.hero.PositionTest" time="0.0"/>
  <testcase name="getY()" classname="tetris_game.model.hero.PositionTest" time="0.001"/>
  <system-out><![CDATA[]]></system-out>
  <system-err><![CDATA[]]></system-err>
</testsuite>
