<?xml version="1.0" encoding="UTF-8"?>
<testsuite name="com.aor.tetris.controller.model.FormsTest" tests="2" skipped="0" failures="0" errors="0" timestamp="2022-11-25T16:43:13" hostname="MacBook-Pro-de-Nuno-4.local" time="0.007">
  <properties/>
  <testcase name="FormsTest()" classname="com.aor.tetris.controller.model.FormsTest" time="0.002"/>
  <testcase name="getsTest()" classname="com.aor.tetris.controller.model.FormsTest" time="0.003"/>
  <system-out><![CDATA[]]></system-out>
  <system-err><![CDATA[]]></system-err>
</testsuite>
