<?xml version="1.0" encoding="UTF-8"?>
<testsuite name="com.aor.tetris.states.MenuStateTest" tests="1" skipped="0" failures="0" errors="0" timestamp="2022-11-25T14:45:09" hostname="MacBook-Pro-de-Nuno-4.local" time="0.0">
  <properties/>
  <testcase name="MenuStateTest()" classname="com.aor.tetris.states.MenuStateTest" time="0.0"/>
  <system-out><![CDATA[]]></system-out>
  <system-err><![CDATA[]]></system-err>
</testsuite>
