<?xml version="1.0" encoding="UTF-8"?>
<testsuite name="tetris_game.model.ITest" tests="4" skipped="0" failures="0" errors="0" timestamp="2022-12-10T18:21:38" hostname="Air-de-David.home" time="0.007">
  <properties/>
  <testcase name="IDownTest()" classname="tetris_game.model.ITest" time="0.004"/>
  <testcase name="IUpTest()" classname="tetris_game.model.ITest" time="0.0"/>
  <testcase name="ILeftTest()" classname="tetris_game.model.ITest" time="0.0"/>
  <testcase name="IRightTest()" classname="tetris_game.model.ITest" time="0.0"/>
  <system-out><![CDATA[]]></system-out>
  <system-err><![CDATA[]]></system-err>
</testsuite>
