<?xml version="1.0" encoding="UTF-8"?>
<testsuite name="tetris_game.controller.ScreenControllerTest" tests="5" skipped="0" failures="0" errors="0" timestamp="2022-12-17T22:38:10" hostname="Air-de-David.home" time="2.989">
  <properties/>
  <testcase name="moveFormsDownAuto()" classname="tetris_game.controller.ScreenControllerTest" time="2.959"/>
  <testcase name="fullLines()" classname="tetris_game.controller.ScreenControllerTest" time="0.005"/>
  <testcase name="rotateFormsLeft()" classname="tetris_game.controller.ScreenControllerTest" time="0.008"/>
  <testcase name="moveFormsLeft()" classname="tetris_game.controller.ScreenControllerTest" time="0.001"/>
  <testcase name="rotateFormsRight()" classname="tetris_game.controller.ScreenControllerTest" time="0.001"/>
  <system-out><![CDATA[com.sun.media.sound.DirectAudioDevice$DirectClip@60df60da
]]></system-out>
  <system-err><![CDATA[Warning: the fonts "Times" and "Times" are not available for the Java logical font "Serif", which may have unexpected appearance or behavior. Re-enable the "Times" font to remove this warning.
Warning: the fonts "Times" and "Times" are not available for the Java logical font "Serif", which may have unexpected appearance or behavior. Re-enable the "Times" font to remove this warning.
]]></system-err>
</testsuite>
