<?xml version="1.0" encoding="UTF-8"?>
<testsuite name="tetris_game.viewer.AboutViewerTest" tests="1" skipped="0" failures="0" errors="0" timestamp="2022-12-12T10:13:19" hostname="MacBook-Air-de-David.local" time="0.864">
  <properties/>
  <testcase name="refreshAndClearTest()" classname="tetris_game.viewer.AboutViewerTest" time="0.864"/>
  <system-out><![CDATA[]]></system-out>
  <system-err><![CDATA[]]></system-err>
</testsuite>
