<?xml version="1.0" encoding="UTF-8"?>
<testsuite name="tetris_game.states.game.GameTest" tests="1" skipped="0" failures="0" errors="0" timestamp="2022-12-22T16:29:49" hostname="Air-de-David.home" time="0.038">
  <properties/>
  <testcase name="menuToGameToMenu()" classname="tetris_game.states.game.GameTest" time="0.038"/>
  <system-out><![CDATA[]]></system-out>
  <system-err><![CDATA[]]></system-err>
</testsuite>
