<?xml version="1.0" encoding="UTF-8"?>
<testsuite name="tetris_game.states.AboutTest" tests="1" skipped="0" failures="0" errors="0" timestamp="2022-12-19T14:55:53" hostname="Air-de-David.home" time="0.005">
  <properties/>
  <testcase name="AboutStateTest()" classname="tetris_game.states.AboutTest" time="0.005"/>
  <system-out><![CDATA[]]></system-out>
  <system-err><![CDATA[]]></system-err>
</testsuite>
