<?xml version="1.0" encoding="UTF-8"?>
<testsuite name="tetris_game.viewer.GameViewerTest" tests="3" skipped="0" failures="0" errors="0" timestamp="2022-12-19T14:55:54" hostname="Air-de-David.home" time="0.07">
  <properties/>
  <testcase name="drawElements()" classname="tetris_game.viewer.GameViewerTest" time="0.045"/>
  <testcase name="drawTetrimino()" classname="tetris_game.viewer.GameViewerTest" time="0.011"/>
  <testcase name="refreshAndClear()" classname="tetris_game.viewer.GameViewerTest" time="0.011"/>
  <system-out><![CDATA[]]></system-out>
  <system-err><![CDATA[]]></system-err>
</testsuite>
