<?xml version="1.0" encoding="UTF-8"?>
<testsuite name="tetris_game.model.forms.ZTest" tests="4" skipped="0" failures="0" errors="0" timestamp="2022-12-12T18:29:50" hostname="MBP-de-Nuno-4.lan" time="0.006">
  <properties/>
  <testcase name="ZLeftTest()" classname="tetris_game.model.forms.ZTest" time="0.003"/>
  <testcase name="ZRightTest()" classname="tetris_game.model.forms.ZTest" time="0.001"/>
  <testcase name="ZUpTest()" classname="tetris_game.model.forms.ZTest" time="0.001"/>
  <testcase name="ZDownTest()" classname="tetris_game.model.forms.ZTest" time="0.001"/>
  <system-out><![CDATA[]]></system-out>
  <system-err><![CDATA[]]></system-err>
</testsuite>
