<?xml version="1.0" encoding="UTF-8"?>
<testsuite name="tetris_game.model.TTest" tests="4" skipped="0" failures="0" errors="0" timestamp="2022-12-10T18:21:41" hostname="Air-de-David.home" time="0.015">
  <properties/>
  <testcase name="TUpTest()" classname="tetris_game.model.TTest" time="0.008"/>
  <testcase name="TDownTest()" classname="tetris_game.model.TTest" time="0.001"/>
  <testcase name="TLeftTest()" classname="tetris_game.model.TTest" time="0.001"/>
  <testcase name="TRightTest()" classname="tetris_game.model.TTest" time="0.001"/>
  <system-out><![CDATA[]]></system-out>
  <system-err><![CDATA[]]></system-err>
</testsuite>
