<?xml version="1.0" encoding="UTF-8"?>
<testsuite name="tetris_game.model.StatsTest" tests="1" skipped="0" failures="0" errors="0" timestamp="2022-12-22T16:29:49" hostname="Air-de-David.home" time="0.001">
  <properties/>
  <testcase name="testStats()" classname="tetris_game.model.StatsTest" time="0.001"/>
  <system-out><![CDATA[]]></system-out>
  <system-err><![CDATA[]]></system-err>
</testsuite>
