<?xml version="1.0" encoding="UTF-8"?>
<testsuite name="com.aor.tetris.model.TutorialTest" tests="1" skipped="0" failures="0" errors="0" timestamp="2022-11-25T14:20:54" hostname="MacBook-Pro-de-Nuno-4.local" time="0.001">
  <properties/>
  <testcase name="getEntryNameTest()" classname="com.aor.tetris.model.TutorialTest" time="0.001"/>
  <system-out><![CDATA[]]></system-out>
  <system-err><![CDATA[]]></system-err>
</testsuite>
