<?xml version="1.0" encoding="UTF-8"?>
<testsuite name="tetris_game.model.JTest" tests="4" skipped="0" failures="0" errors="0" timestamp="2022-12-12T10:13:17" hostname="MacBook-Air-de-David.local" time="0.009">
  <properties/>
  <testcase name="JRightTest()" classname="tetris_game.model.JTest" time="0.004"/>
  <testcase name="JUpTest()" classname="tetris_game.model.JTest" time="0.002"/>
  <testcase name="JDownTest()" classname="tetris_game.model.JTest" time="0.001"/>
  <testcase name="JLeftTest()" classname="tetris_game.model.JTest" time="0.0"/>
  <system-out><![CDATA[]]></system-out>
  <system-err><![CDATA[]]></system-err>
</testsuite>
