<?xml version="1.0" encoding="UTF-8"?>
<testsuite name="tetris_game.states.GameTest" tests="1" skipped="0" failures="0" errors="0" timestamp="2022-12-11T22:31:09" hostname="Air-de-David.home" time="1.698">
  <properties/>
  <testcase name="menuToGameToMenu()" classname="tetris_game.states.GameTest" time="1.698"/>
  <system-out><![CDATA[com.sun.media.sound.DirectAudioDevice$DirectClip@7922d892
]]></system-out>
  <system-err><![CDATA[Warning: the fonts "Times" and "Times" are not available for the Java logical font "Serif", which may have unexpected appearance or behavior. Re-enable the "Times" font to remove this warning.
Warning: the fonts "Times" and "Times" are not available for the Java logical font "Serif", which may have unexpected appearance or behavior. Re-enable the "Times" font to remove this warning.
]]></system-err>
</testsuite>
