<?xml version="1.0" encoding="UTF-8"?>
<testsuite name="com.aor.tetris.viewer.MenuViewerTest" tests="1" skipped="0" failures="0" errors="0" timestamp="2022-11-24T18:24:25" hostname="LAPTOP-E57OMIBJ" time="1.19">
  <properties/>
  <testcase name="refreshAndClearTest()" classname="com.aor.tetris.viewer.MenuViewerTest" time="1.19"/>
  <system-out><![CDATA[]]></system-out>
  <system-err><![CDATA[]]></system-err>
</testsuite>
