<?xml version="1.0" encoding="UTF-8"?>
<testsuite name="tetris_game.model.StatsTest" tests="1" skipped="0" failures="0" errors="0" timestamp="2022-12-17T22:38:13" hostname="Air-de-David.home" time="0.0">
  <properties/>
  <testcase name="testStats()" classname="tetris_game.model.StatsTest" time="0.0"/>
  <system-out><![CDATA[]]></system-out>
  <system-err><![CDATA[]]></system-err>
</testsuite>
