<?xml version="1.0" encoding="UTF-8"?>
<testsuite name="tetris_game.model.ArenaTest" tests="1" skipped="0" failures="0" errors="0" timestamp="2022-12-12T10:13:17" hostname="MacBook-Air-de-David.local" time="0.056">
  <properties/>
  <testcase name="BlockcanOccupy()" classname="tetris_game.model.ArenaTest" time="0.056"/>
  <system-out><![CDATA[]]></system-out>
  <system-err><![CDATA[]]></system-err>
</testsuite>
