<?xml version="1.0" encoding="UTF-8"?>
<testsuite name="tetris_game.viewer.endGame.EndGameViewerTest" tests="2" skipped="0" failures="0" errors="0" timestamp="2022-12-21T11:15:36" hostname="Air-de-David.home" time="0.697">
  <properties/>
  <testcase name="drawTest()" classname="tetris_game.viewer.endGame.EndGameViewerTest" time="0.669"/>
  <testcase name="drawElementsTest()" classname="tetris_game.viewer.endGame.EndGameViewerTest" time="0.015"/>
  <system-out><![CDATA[]]></system-out>
  <system-err><![CDATA[]]></system-err>
</testsuite>
