<?xml version="1.0" encoding="UTF-8"?>
<testsuite name="tetris_game.states.EndGameTest" tests="1" skipped="0" failures="0" errors="0" timestamp="2022-12-11T22:19:46" hostname="Air-de-David.home" time="0.005">
  <properties/>
  <testcase name="endGame()" classname="tetris_game.states.EndGameTest" time="0.005"/>
  <system-out><![CDATA[]]></system-out>
  <system-err><![CDATA[]]></system-err>
</testsuite>
