<?xml version="1.0" encoding="UTF-8"?>
<testsuite name="tetris_game.model.endGame.EndGameTest" tests="1" skipped="0" failures="0" errors="0" timestamp="2022-12-20T15:25:23" hostname="Air-de-David.home" time="0.001">
  <properties/>
  <testcase name="EndGameTest()" classname="tetris_game.model.endGame.EndGameTest" time="0.001"/>
  <system-out><![CDATA[]]></system-out>
  <system-err><![CDATA[]]></system-err>
</testsuite>
